{"logTime":"0524/214032","correlationVector":"QToAnjfS9kRAXevkItqqPX.0","action":"SyncServerConnectionManagerRequest", "result":"SYNC_SERVER_OK", "context":{"environment":"", "server":""}}
{"logTime":"0524/214033","correlationVector":"BgrhQ1r3z7nL+AYVZxmpPb.1","action":"SyncServerConnectionManagerRequest", "result":"SYNC_SERVER_OK", "context":{"environment":"48F630A6-CB1B-4CC7-86AF-0F6627234B58", "server":"BN3PEPF000008A3"}}
{"logTime":"0524/214034","correlationVector":"zVo1ZWpN83JElQPQF96Rya.1","action":"SyncServerConnectionManagerRequest", "result":"SYNC_SERVER_OK", "context":{"environment":"48F630A6-CB1B-4CC7-86AF-0F6627234B58", "server":"BN3PEPF000008A3"}}
{"logTime":"0524/214034","correlationVector":"BgrhQ1r3z7nL+AYVZxmpPb","action":"Initial GetUpdates", "result":""}
{"logTime":"0524/214034","correlationVector":"BgrhQ1r3z7nL+AYVZxmpPb.2","action":"GetUpdates Response", "result":"SERVER_MORE_TO_DOWNLOAD"}
{"logTime":"0524/214034","correlationVector":"zVo1ZWpN83JElQPQF96Rya","action":"Initial GetUpdates", "result":""}
{"logTime":"0524/214034","correlationVector":"zVo1ZWpN83JElQPQF96Rya.2","action":"GetUpdates Response", "result":"SYNCER_OK"}
{"logTime":"0524/214034","correlationVector":"UAYRvauGc4rGg6RgKvtYgA","action":"Initial GetUpdates", "result":""}
{"logTime":"0524/214035","correlationVector":"UAYRvauGc4rGg6RgKvtYgA.1","action":"SyncServerConnectionManagerRequest", "result":"SYNC_SERVER_OK", "context":{"environment":"48F630A6-CB1B-4CC7-86AF-0F6627234B58", "server":"BN3PEPF000008A3"}}
{"logTime":"0524/214035","correlationVector":"UAYRvauGc4rGg6RgKvtYgA.2","action":"GetUpdates Response", "result":"SYNCER_OK"}
{"logTime":"0524/214035","correlationVector":"11Pv5TGXI8t5Gk8qvDzQjp","action":"Initial GetUpdates", "result":""}
{"logTime":"0524/214037","correlationVector":"11Pv5TGXI8t5Gk8qvDzQjp.1","action":"SyncServerConnectionManagerRequest", "result":"SYNC_SERVER_OK", "context":{"environment":"48F630A6-CB1B-4CC7-86AF-0F6627234B58", "server":"BN3PEPF000008A3"}}
{"logTime":"0524/214037","correlationVector":"11Pv5TGXI8t5Gk8qvDzQjp.2","action":"GetUpdates Response", "result":"SERVER_MORE_TO_DOWNLOAD"}
{"logTime":"0524/214037","correlationVector":"KSpnZFg7rC5xDDvI3FA6br","action":"Initial GetUpdates", "result":""}
{"logTime":"0524/214039","correlationVector":"KSpnZFg7rC5xDDvI3FA6br.1","action":"SyncServerConnectionManagerRequest", "result":"SYNC_SERVER_OK", "context":{"environment":"48F630A6-CB1B-4CC7-86AF-0F6627234B58", "server":"BN3PEPF000008A3"}}
{"logTime":"0524/214039","correlationVector":"KSpnZFg7rC5xDDvI3FA6br.2","action":"GetUpdates Response", "result":"SYNCER_OK"}
{"logTime":"0524/214039","correlationVector":"LZAgSRU+LFWIcMeTYCgRg/","action":"Initial GetUpdates", "result":""}
{"logTime":"0524/214045","correlationVector":"LZAgSRU+LFWIcMeTYCgRg/.1","action":"SyncServerConnectionManagerRequest", "result":"SYNC_SERVER_OK", "context":{"environment":"48F630A6-CB1B-4CC7-86AF-0F6627234B58", "server":"BN3PEPF000008A3"}}
{"logTime":"0524/214045","correlationVector":"LZAgSRU+LFWIcMeTYCgRg/.2","action":"GetUpdates Response", "result":"SERVER_MORE_TO_DOWNLOAD"}
{"logTime":"0524/214045","correlationVector":"m0Uxf50eD1efMIClYkb1OR","action":"Initial GetUpdates", "result":""}
{"logTime":"0524/214048","correlationVector":"m0Uxf50eD1efMIClYkb1OR.1","action":"SyncServerConnectionManagerRequest", "result":"SYNC_SERVER_OK", "context":{"environment":"48F630A6-CB1B-4CC7-86AF-0F6627234B58", "server":"BN3PEPF000008A3"}}
{"logTime":"0524/214048","correlationVector":"m0Uxf50eD1efMIClYkb1OR.2","action":"GetUpdates Response", "result":"SERVER_MORE_TO_DOWNLOAD"}
{"logTime":"0524/214048","correlationVector":"yz/1h1B99FgUavm2HHvbrl","action":"Initial GetUpdates", "result":""}
{"logTime":"0524/214051","correlationVector":"yz/1h1B99FgUavm2HHvbrl.1","action":"SyncServerConnectionManagerRequest", "result":"SYNC_SERVER_OK", "context":{"environment":"48F630A6-CB1B-4CC7-86AF-0F6627234B58", "server":"BN3PEPF000008A3"}}
{"logTime":"0524/214051","correlationVector":"yz/1h1B99FgUavm2HHvbrl.2","action":"GetUpdates Response", "result":"SERVER_MORE_TO_DOWNLOAD"}
{"logTime":"0524/214051","correlationVector":"c+m56/8DyaYk2edCqrkxsP","action":"Initial GetUpdates", "result":""}
{"logTime":"0524/214054","correlationVector":"c+m56/8DyaYk2edCqrkxsP.1","action":"SyncServerConnectionManagerRequest", "result":"SYNC_SERVER_OK", "context":{"environment":"48F630A6-CB1B-4CC7-86AF-0F6627234B58", "server":"BN3PEPF000008A3"}}
{"logTime":"0524/214054","correlationVector":"c+m56/8DyaYk2edCqrkxsP.2","action":"GetUpdates Response", "result":"SERVER_MORE_TO_DOWNLOAD"}
{"logTime":"0524/214054","correlationVector":"yPpoXfS3Ynh4cb6jlCjd8U","action":"Initial GetUpdates", "result":""}
{"logTime":"0524/214055","correlationVector":"yPpoXfS3Ynh4cb6jlCjd8U.1","action":"SyncServerConnectionManagerRequest", "result":"SYNC_SERVER_OK", "context":{"environment":"48F630A6-CB1B-4CC7-86AF-0F6627234B58", "server":"BN3PEPF000008A3"}}
{"logTime":"0524/214055","correlationVector":"yPpoXfS3Ynh4cb6jlCjd8U.2","action":"GetUpdates Response", "result":"SYNCER_OK"}
{"logTime":"0524/214055","correlationVector":"XK/4TE6ye/8VZ7L/T21HwV","action":"Normal GetUpdate request", "result":""}
{"logTime":"0524/214056","correlationVector":"XK/4TE6ye/8VZ7L/T21HwV.1","action":"SyncServerConnectionManagerRequest", "result":"SYNC_SERVER_OK", "context":{"environment":"48F630A6-CB1B-4CC7-86AF-0F6627234B58", "server":"BN3PEPF000008A3"}}
{"logTime":"0524/214056","correlationVector":"XK/4TE6ye/8VZ7L/T21HwV.2","action":"GetUpdates Response", "result":"SYNCER_OK"}
{"logTime":"0524/214056","correlationVector":"wgBxhoqKCgSI9qa1LsfFT1","action":"Commit Request", "result":""}
{"logTime":"0524/214057","correlationVector":"wgBxhoqKCgSI9qa1LsfFT1.1","action":"SyncServerConnectionManagerRequest", "result":"SYNC_SERVER_OK", "context":{"environment":"48F630A6-CB1B-4CC7-86AF-0F6627234B58", "server":"BN3PEPF000008A3"}}
{"logTime":"0524/214057","correlationVector":"wgBxhoqKCgSI9qa1LsfFT1.2","action":"Commit Response", "result":"SYNCER_OK"}
{"logTime":"0524/214057","correlationVector":"xZ+wKe9oxFd77kuD7n/3EY","action":"Commit Request", "result":""}
{"logTime":"0524/214059","correlationVector":"xZ+wKe9oxFd77kuD7n/3EY.1","action":"SyncServerConnectionManagerRequest", "result":"SYNC_SERVER_OK", "context":{"environment":"48F630A6-CB1B-4CC7-86AF-0F6627234B58", "server":"BN3PEPF000008A3"}}
{"logTime":"0524/214059","correlationVector":"xZ+wKe9oxFd77kuD7n/3EY.2","action":"Commit Response", "result":"SYNCER_OK"}
